Base path: C:/Program Files/Unity CLUSTER (5.1.2f1)/Editor/Data
Pipe name: \\.\pipe\UnityShaderCompiler-64bit-1-9428
Cmd: getPlatforms
Cmd: preprocess
  insize=802 outsize=436 ok=1
Cmd: preprocess
  insize=3823 outsize=641 ok=1
Cmd: compileSnippet
  api=4 type=0 insize=2409 outsize=1006 kw= ok=1
Cmd: compileSnippet
  api=4 type=1 insize=2409 outsize=3841 kw= ok=1
Cmd: compileSnippet
  api=4 type=0 insize=1380 outsize=1006 kw= ok=1
Cmd: compileSnippet
  api=4 type=1 insize=1380 outsize=2111 kw= ok=1
Cmd: compileSnippet
  api=1 type=0 insize=2409 outsize=157 kw= ok=1
Cmd: compileSnippet
  api=1 type=1 insize=2409 outsize=842 kw= ok=1
Cmd: compileSnippet
  api=1 type=0 insize=1380 outsize=157 kw= ok=1
Cmd: compileSnippet
  api=1 type=1 insize=1380 outsize=519 kw= ok=1
